Using pre-set license
Built from '2021.3/release' branch; Version is '2021.3.28f1 (232e59c3f087) revision 2305625'; Using compiler version '192829333'; Build Type 'Release'
OS: 'Windows 10  (10.0.19045) 64bit Professional' Language: 'es' Physical Memory: 4093 MB
BatchMode: 1, IsHumanControllingUs: 0, StartBugReporterOnCrash: 0, Is64bit: 1, IsPro: 1

COMMAND LINE ARGUMENTS:
C:\Program Files\Unity\Hub\Editor\2021.3.28f1\Editor\Unity.exe
-adb2
-batchMode
-noUpm
-name
AssetImportWorker3
-projectPath
C:/Users/leon/Documents/GitHub/3erRetoUnity/pc_3erRetoUnity_Unal
-logFile
Logs/AssetImportWorker3.log
-srvPort
63951
Successfully changed project path to: C:/Users/leon/Documents/GitHub/3erRetoUnity/pc_3erRetoUnity_Unal
C:/Users/leon/Documents/GitHub/3erRetoUnity/pc_3erRetoUnity_Unal
[UnityMemory] Configuration Parameters - Can be set up in boot.config
    "memorysetup-bucket-allocator-granularity=16"
    "memorysetup-bucket-allocator-bucket-count=8"
    "memorysetup-bucket-allocator-block-size=33554432"
    "memorysetup-bucket-allocator-block-count=8"
    "memorysetup-main-allocator-block-size=16777216"
    "memorysetup-thread-allocator-block-size=16777216"
    "memorysetup-gfx-main-allocator-block-size=16777216"
    "memorysetup-gfx-thread-allocator-block-size=16777216"
    "memorysetup-cache-allocator-block-size=4194304"
    "memorysetup-typetree-allocator-block-size=2097152"
    "memorysetup-profiler-bucket-allocator-granularity=16"
    "memorysetup-profiler-bucket-allocator-bucket-count=8"
    "memorysetup-profiler-bucket-allocator-block-size=33554432"
    "memorysetup-profiler-bucket-allocator-block-count=8"
    "memorysetup-profiler-allocator-block-size=16777216"
    "memorysetup-profiler-editor-allocator-block-size=1048576"
    "memorysetup-temp-allocator-size-main=16777216"
    "memorysetup-job-temp-allocator-block-size=2097152"
    "memorysetup-job-temp-allocator-block-size-background=1048576"
    "memorysetup-job-temp-allocator-reduction-small-platforms=262144"
    "memorysetup-temp-allocator-size-background-worker=32768"
    "memorysetup-temp-allocator-size-job-worker=262144"
    "memorysetup-temp-allocator-size-preload-manager=33554432"
    "memorysetup-temp-allocator-size-nav-mesh-worker=65536"
    "memorysetup-temp-allocator-size-audio-worker=65536"
    "memorysetup-temp-allocator-size-cloud-worker=32768"
    "memorysetup-temp-allocator-size-gi-baking-worker=262144"
    "memorysetup-temp-allocator-size-gfx=262144"
Player connection [8104] Host "[IP] 192.168.35.136 [Port] 0 [Flags] 2 [Guid] 2486269217 [EditorId] 2486269217 [Version] 1048832 [Id] WindowsEditor(7,LEON-PC) [Debug] 1 [PackageName] WindowsEditor [ProjectName] Editor" joined multi-casting on [225.0.0.222:54997]...

Player connection [8104] Host "[IP] 192.168.35.136 [Port] 0 [Flags] 2 [Guid] 2486269217 [EditorId] 2486269217 [Version] 1048832 [Id] WindowsEditor(7,LEON-PC) [Debug] 1 [PackageName] WindowsEditor [ProjectName] Editor" joined alternative multi-casting on [225.0.0.222:34997]...

Refreshing native plugins compatible for Editor in 244.25 ms, found 3 plugins.
Preloading 0 native plugins for Editor in 0.00 ms.
Initialize engine version: 2021.3.28f1 (232e59c3f087)
[Subsystems] Discovering subsystems at path C:/Program Files/Unity/Hub/Editor/2021.3.28f1/Editor/Data/Resources/UnitySubsystems
[Subsystems] Discovering subsystems at path C:/Users/leon/Documents/GitHub/3erRetoUnity/pc_3erRetoUnity_Unal/Assets
GfxDevice: creating device client; threaded=0; jobified=0
Direct3D:
    Version:  Direct3D 11.0 [level 11.0]
    Renderer: AMD Radeon HD 5450 (ID=0x68f9)
    Vendor:   ATI
    VRAM:     1014 MB
    Driver:   15.201.2401.0
Initialize mono
Mono path[0] = 'C:/Program Files/Unity/Hub/Editor/2021.3.28f1/Editor/Data/Managed'
Mono path[1] = 'C:/Program Files/Unity/Hub/Editor/2021.3.28f1/Editor/Data/MonoBleedingEdge/lib/mono/unityjit-win32'
Mono config path = 'C:/Program Files/Unity/Hub/Editor/2021.3.28f1/Editor/Data/MonoBleedingEdge/etc'
Using monoOptions --debugger-agent=transport=dt_socket,embedding=1,server=y,suspend=n,address=127.0.0.1:56840
Begin MonoManager ReloadAssembly
Registering precompiled unity dll's ...
Register platform support module: C:/Program Files/Unity/Hub/Editor/2021.3.28f1/Editor/Data/PlaybackEngines/WindowsStandaloneSupport/UnityEditor.WindowsStandalone.Extensions.dll
Registered in 0.023534 seconds.
Native extension for WindowsStandalone target not found
Refreshing native plugins compatible for Editor in 216.36 ms, found 3 plugins.
Preloading 0 native plugins for Editor in 0.00 ms.
Mono: successfully reloaded assembly
- Completed reload, in  1.468 seconds
Domain Reload Profiling:
	ReloadAssembly (1469ms)
		BeginReloadAssembly (194ms)
			ExecutionOrderSort (0ms)
			DisableScriptedObjects (0ms)
			BackupInstance (0ms)
			ReleaseScriptingObjects (0ms)
			CreateAndSetChildDomain (1ms)
		EndReloadAssembly (1009ms)
			LoadAssemblies (189ms)
			RebuildTransferFunctionScriptingTraits (0ms)
			SetupTypeCache (274ms)
			ReleaseScriptCaches (0ms)
			RebuildScriptCaches (65ms)
			SetupLoadedEditorAssemblies (564ms)
				LogAssemblyErrors (0ms)
				InitializePlatformSupportModulesInManaged (16ms)
				SetLoadedEditorAssemblies (0ms)
				RefreshPlugins (216ms)
				BeforeProcessingInitializeOnLoad (3ms)
				ProcessInitializeOnLoadAttributes (233ms)
				ProcessInitializeOnLoadMethodAttributes (95ms)
				AfterProcessingInitializeOnLoad (0ms)
				EditorAssembliesLoaded (0ms)
			ExecutionOrderSort2 (0ms)
			AwakeInstancesAfterBackupRestoration (0ms)
Platform modules already initialized, skipping
Registering precompiled user dll's ...
Registered in 0.016223 seconds.
Begin MonoManager ReloadAssembly
Symbol file LoadedFromMemory doesn't match image C:\Users\leon\Documents\GitHub\3erRetoUnity\pc_3erRetoUnity_Unal\Library\PackageCache\com.unity.visualscripting@1.8.0\Editor\VisualScripting.Core\Dependencies\YamlDotNet\Unity.VisualScripting.YamlDotNet.dll
Symbol file LoadedFromMemory doesn't match image C:\Users\leon\Documents\GitHub\3erRetoUnity\pc_3erRetoUnity_Unal\Library\PackageCache\com.unity.visualscripting@1.8.0\Editor\VisualScripting.Core\Dependencies\DotNetZip\Unity.VisualScripting.IonicZip.dll
Native extension for WindowsStandalone target not found
Refreshing native plugins compatible for Editor in 299.20 ms, found 3 plugins.
Preloading 0 native plugins for Editor in 0.00 ms.
Mono: successfully reloaded assembly
- Completed reload, in  7.169 seconds
Domain Reload Profiling:
	ReloadAssembly (7171ms)
		BeginReloadAssembly (300ms)
			ExecutionOrderSort (0ms)
			DisableScriptedObjects (13ms)
			BackupInstance (0ms)
			ReleaseScriptingObjects (0ms)
			CreateAndSetChildDomain (73ms)
		EndReloadAssembly (6378ms)
			LoadAssemblies (1428ms)
			RebuildTransferFunctionScriptingTraits (0ms)
			SetupTypeCache (886ms)
			ReleaseScriptCaches (2ms)
			RebuildScriptCaches (156ms)
			SetupLoadedEditorAssemblies (3850ms)
				LogAssemblyErrors (0ms)
				InitializePlatformSupportModulesInManaged (9ms)
				SetLoadedEditorAssemblies (0ms)
				RefreshPlugins (299ms)
				BeforeProcessingInitializeOnLoad (212ms)
				ProcessInitializeOnLoadAttributes (3036ms)
				ProcessInitializeOnLoadMethodAttributes (273ms)
				AfterProcessingInitializeOnLoad (19ms)
				EditorAssembliesLoaded (0ms)
			ExecutionOrderSort2 (0ms)
			AwakeInstancesAfterBackupRestoration (12ms)
Platform modules already initialized, skipping
========================================================================
Worker process is ready to serve import requests
Launched and connected shader compiler UnityShaderCompiler.exe after 1.05 seconds
Refreshing native plugins compatible for Editor in 1.87 ms, found 3 plugins.
Preloading 0 native plugins for Editor in 0.00 ms.
Unloading 4893 Unused Serialized files (Serialized files now loaded: 0)
Unloading 41 unused Assets / (410.9 KB). Loaded Objects now: 5369.
Memory consumption went from 209.7 MB to 209.3 MB.
Total: 6.330800 ms (FindLiveObjects: 0.708100 ms CreateObjectMapping: 0.348100 ms MarkObjects: 4.868000 ms  DeleteObjects: 0.405100 ms)

AssetImportParameters requested are different than current active one (requested -> active):
  custom:video-decoder-ogg-theora: a1e56fd34408186e4bbccfd4996cb3dc -> 
  custom:container-muxer-webm: aa71ff27fc2769a1b78a27578f13a17b -> 
  custom:container-demuxer-webm: 4f35f7cbe854078d1ac9338744f61a02 -> 
  custom:video-encoder-webm-vp8: eb34c28f22e8b96e1ab97ce403110664 -> 
  custom:audio-encoder-webm-vorbis: bf7c407c2cedff20999df2af8eb42d56 -> 
  custom:framework-win-MediaFoundation: 216162199b28c13a410421893ffa2e32 -> 
  custom:container-demuxer-ogg: 62fdf1f143b41e24485cea50d1cbac27 -> 
  custom:video-decoder-webm-vp8: 9c59270c3fd7afecdb556c50c9e8de78 -> 
  custom:audio-decoder-ogg-vorbis: bf7c407c2cedff20999df2af8eb42d56 -> 
========================================================================
Received Import Request.
  Time since last request: 5902.892941 seconds.
  path: Assets/pc_3erRetoUnity_Unal/PlayerCorn/Zeamays Fighter/Scene/ZeamaysFighter_WalkingDemo.unity
  artifactKey: Guid(9688c17e0ea7e4817a5864f908b4318c) Importer(815301076,1909f56bfc062723c751e8b465ee728b)
Start importing Assets/pc_3erRetoUnity_Unal/PlayerCorn/Zeamays Fighter/Scene/ZeamaysFighter_WalkingDemo.unity using Guid(9688c17e0ea7e4817a5864f908b4318c) Importer(815301076,1909f56bfc062723c751e8b465ee728b)  -> (artifact id: '13644a9a5f96e989887cf12587160a93') in 1.251191 seconds 
========================================================================
Received Prepare
Refreshing native plugins compatible for Editor in 1588.73 ms, found 3 plugins.
Preloading 0 native plugins for Editor in 0.00 ms.
Unloading 22 Unused Serialized files (Serialized files now loaded: 0)
Unloading 22 unused Assets / (377.8 KB). Loaded Objects now: 5369.
Memory consumption went from 104.2 MB to 103.9 MB.
Total: 6.207000 ms (FindLiveObjects: 0.719300 ms CreateObjectMapping: 0.338000 ms MarkObjects: 4.945400 ms  DeleteObjects: 0.202600 ms)

AssetImportParameters requested are different than current active one (requested -> active):
  custom:video-decoder-ogg-theora: a1e56fd34408186e4bbccfd4996cb3dc -> 
  custom:container-muxer-webm: aa71ff27fc2769a1b78a27578f13a17b -> 
  custom:container-demuxer-webm: 4f35f7cbe854078d1ac9338744f61a02 -> 
  custom:video-encoder-webm-vp8: eb34c28f22e8b96e1ab97ce403110664 -> 
  custom:CustomObjectIndexerAttribute: 6b0e35c9178b02a6363f3721b7b8e397 -> 
  custom:audio-encoder-webm-vorbis: bf7c407c2cedff20999df2af8eb42d56 -> 
  custom:framework-win-MediaFoundation: 216162199b28c13a410421893ffa2e32 -> 
  custom:container-demuxer-ogg: 62fdf1f143b41e24485cea50d1cbac27 -> 
  custom:video-decoder-webm-vp8: 9c59270c3fd7afecdb556c50c9e8de78 -> 
  custom:audio-decoder-ogg-vorbis: bf7c407c2cedff20999df2af8eb42d56 -> 
========================================================================
Received Import Request.
  Time since last request: 314.434127 seconds.
  path: Assets/pc_3erRetoUnity_Unal/Scenes/MainScene.unity
  artifactKey: Guid(99c9720ab356a0642a771bea13969a05) Importer(815301076,1909f56bfc062723c751e8b465ee728b)
Start importing Assets/pc_3erRetoUnity_Unal/Scenes/MainScene.unity using Guid(99c9720ab356a0642a771bea13969a05) Importer(815301076,1909f56bfc062723c751e8b465ee728b)  -> (artifact id: 'f73530e89337328ca26fb55b276dc275') in 0.109458 seconds 
========================================================================
Received Import Request.
  Time since last request: 289.163559 seconds.
  path: Assets/pc_3erRetoUnity_Unal/PlayerCorn/Zeamays Fighter/Texture/tree
  artifactKey: Guid(2c681cab7972545e692de77ea40007e4) Importer(815301076,1909f56bfc062723c751e8b465ee728b)
Start importing Assets/pc_3erRetoUnity_Unal/PlayerCorn/Zeamays Fighter/Texture/tree using Guid(2c681cab7972545e692de77ea40007e4) Importer(815301076,1909f56bfc062723c751e8b465ee728b)  -> (artifact id: '37c8b8b875f8f6f54539e33287a1802e') in 0.263300 seconds 
========================================================================
Received Import Request.
  Time since last request: 0.000056 seconds.
  path: Assets/pc_3erRetoUnity_Unal/PlayerCorn/Zeamays Fighter/Texture/tree/Tree01_Normal.png
  artifactKey: Guid(69835e77ab7dc4d97a3353a4e0c319a5) Importer(815301076,1909f56bfc062723c751e8b465ee728b)
Start importing Assets/pc_3erRetoUnity_Unal/PlayerCorn/Zeamays Fighter/Texture/tree/Tree01_Normal.png using Guid(69835e77ab7dc4d97a3353a4e0c319a5) Importer(815301076,1909f56bfc062723c751e8b465ee728b)  -> (artifact id: 'dbe406dbefeb589001da07f92215b8a8') in 3.173924 seconds 
========================================================================
Received Import Request.
  Time since last request: 0.000304 seconds.
  path: Assets/pc_3erRetoUnity_Unal/PlayerCorn/Zeamays Fighter/Texture/tree/Tree01_Albedo_Light.png
  artifactKey: Guid(d9c7cbf0c0d0d4bc886e55f3d7b55c51) Importer(815301076,1909f56bfc062723c751e8b465ee728b)
Start importing Assets/pc_3erRetoUnity_Unal/PlayerCorn/Zeamays Fighter/Texture/tree/Tree01_Albedo_Light.png using Guid(d9c7cbf0c0d0d4bc886e55f3d7b55c51) Importer(815301076,1909f56bfc062723c751e8b465ee728b)  -> (artifact id: '3bad55b7b3c413a5800ef83e6b2d22ed') in 0.236146 seconds 
========================================================================
Received Import Request.
  Time since last request: 0.000034 seconds.
  path: Assets/pc_3erRetoUnity_Unal/PlayerCorn/Zeamays Fighter/Texture/tree/Tree01_Detail_Mask.png
  artifactKey: Guid(6344ac333a34f4dc381223ed00506502) Importer(815301076,1909f56bfc062723c751e8b465ee728b)
Start importing Assets/pc_3erRetoUnity_Unal/PlayerCorn/Zeamays Fighter/Texture/tree/Tree01_Detail_Mask.png using Guid(6344ac333a34f4dc381223ed00506502) Importer(815301076,1909f56bfc062723c751e8b465ee728b)  -> (artifact id: '46742a4720cc28f8d651c9368617278f') in 0.186866 seconds 
========================================================================
Received Import Request.
  Time since last request: 0.000150 seconds.
  path: Assets/pc_3erRetoUnity_Unal/PlayerCorn/Zeamays Fighter/Texture/tree/treematerial.mat
  artifactKey: Guid(e974fd666de454dd9a32fcfc970f565a) Importer(815301076,1909f56bfc062723c751e8b465ee728b)
Start importing Assets/pc_3erRetoUnity_Unal/PlayerCorn/Zeamays Fighter/Texture/tree/treematerial.mat using Guid(e974fd666de454dd9a32fcfc970f565a) Importer(815301076,1909f56bfc062723c751e8b465ee728b)  -> (artifact id: '5944a0663d265bc9762a0eeaf2b735e7') in 0.327100 seconds 
========================================================================
Received Import Request.
  Time since last request: 0.000039 seconds.
  path: Assets/pc_3erRetoUnity_Unal/PlayerCorn/Zeamays Fighter/Texture/tree/Tree01_Albedo_Dark.png
  artifactKey: Guid(24a5bf7b6f5774e97bbc4b5914c30344) Importer(815301076,1909f56bfc062723c751e8b465ee728b)
Start importing Assets/pc_3erRetoUnity_Unal/PlayerCorn/Zeamays Fighter/Texture/tree/Tree01_Albedo_Dark.png using Guid(24a5bf7b6f5774e97bbc4b5914c30344) Importer(815301076,1909f56bfc062723c751e8b465ee728b)  -> (artifact id: '2caea6dfb264aea169a2531096c409ad') in 0.109031 seconds 
========================================================================
Received Import Request.
  Time since last request: 40.658655 seconds.
  path: Assets/pc_3erRetoUnity_Unal/PlayerCorn/Zeamays Fighter 2
  artifactKey: Guid(d01a6897211b04997a497a081b1dee60) Importer(815301076,1909f56bfc062723c751e8b465ee728b)
Start importing Assets/pc_3erRetoUnity_Unal/PlayerCorn/Zeamays Fighter 2 using Guid(d01a6897211b04997a497a081b1dee60) Importer(815301076,1909f56bfc062723c751e8b465ee728b)  -> (artifact id: 'b0ef5caf08f5f0a77e2102a047b30c37') in 0.071583 seconds 
========================================================================
Received Import Request.
  Time since last request: 75.416907 seconds.
  path: Assets/pc_3erRetoUnity_Unal/Recolectables/Posion
  artifactKey: Guid(476b21339048c4f0c96f5b29e40b90f0) Importer(815301076,1909f56bfc062723c751e8b465ee728b)
Start importing Assets/pc_3erRetoUnity_Unal/Recolectables/Posion using Guid(476b21339048c4f0c96f5b29e40b90f0) Importer(815301076,1909f56bfc062723c751e8b465ee728b)  -> (artifact id: 'be2fcc255d7ed91d7c2a2e154dfe4ec4') in 0.162484 seconds 
========================================================================
Received Import Request.
  Time since last request: 1.287905 seconds.
  path: Assets/pc_3erRetoUnity_Unal/Recolectables/Posion/Animations
  artifactKey: Guid(f94f989dc8ba8dc4fb3553994eddd642) Importer(815301076,1909f56bfc062723c751e8b465ee728b)
Start importing Assets/pc_3erRetoUnity_Unal/Recolectables/Posion/Animations using Guid(f94f989dc8ba8dc4fb3553994eddd642) Importer(815301076,1909f56bfc062723c751e8b465ee728b)  -> (artifact id: 'b2d67e1d14e2f2abd6ff30f59a2572c7') in 0.045996 seconds 
========================================================================
Received Import Request.
  Time since last request: 1.350889 seconds.
  path: Assets/pc_3erRetoUnity_Unal/Recolectables/Posion/Animations/BoxCrashAC.controller
  artifactKey: Guid(1c551291519cd624eb9004fa49d4eb34) Importer(815301076,1909f56bfc062723c751e8b465ee728b)
Start importing Assets/pc_3erRetoUnity_Unal/Recolectables/Posion/Animations/BoxCrashAC.controller using Guid(1c551291519cd624eb9004fa49d4eb34) Importer(815301076,1909f56bfc062723c751e8b465ee728b)  -> (artifact id: 'a3c26e66bc53d2c38baa9bfcd45e8948') in 0.306950 seconds 
========================================================================
Received Import Request.
  Time since last request: 5.193686 seconds.
  path: Assets/pc_3erRetoUnity_Unal/Recolectables/Posion/Models
  artifactKey: Guid(c68ca6f52e8c95e42a0038f569350940) Importer(815301076,1909f56bfc062723c751e8b465ee728b)
Start importing Assets/pc_3erRetoUnity_Unal/Recolectables/Posion/Models using Guid(c68ca6f52e8c95e42a0038f569350940) Importer(815301076,1909f56bfc062723c751e8b465ee728b)  -> (artifact id: '3996f025a1a66c334d5e166cd38d2602') in 0.119405 seconds 
========================================================================
Received Import Request.
  Time since last request: 5.930089 seconds.
  path: Assets/pc_3erRetoUnity_Unal/Recolectables/Posion/Models/Bottles
  artifactKey: Guid(b35dac8b2b787b04b8a7e7954ba91d3d) Importer(815301076,1909f56bfc062723c751e8b465ee728b)
Start importing Assets/pc_3erRetoUnity_Unal/Recolectables/Posion/Models/Bottles using Guid(b35dac8b2b787b04b8a7e7954ba91d3d) Importer(815301076,1909f56bfc062723c751e8b465ee728b)  -> (artifact id: '3b890e2854734fa1dd0a1e079c66c894') in 0.084545 seconds 
========================================================================
Received Import Request.
  Time since last request: 19.921035 seconds.
  path: Assets/PolarizedPlatformPack/Demo
  artifactKey: Guid(a1e9b7aa07aee0b4580e4b2037d4b747) Importer(815301076,1909f56bfc062723c751e8b465ee728b)
Start importing Assets/PolarizedPlatformPack/Demo using Guid(a1e9b7aa07aee0b4580e4b2037d4b747) Importer(815301076,1909f56bfc062723c751e8b465ee728b)  -> (artifact id: 'e15be87a1586a401d928d5461bb6092f') in 0.085995 seconds 
========================================================================
Received Import Request.
  Time since last request: 3.812812 seconds.
  path: Assets/PolarizedPlatformPack/Materials/boxMetal.mat
  artifactKey: Guid(775dd049db2625f41b343db5d0d6935b) Importer(815301076,1909f56bfc062723c751e8b465ee728b)
Start importing Assets/PolarizedPlatformPack/Materials/boxMetal.mat using Guid(775dd049db2625f41b343db5d0d6935b) Importer(815301076,1909f56bfc062723c751e8b465ee728b)  -> (artifact id: 'e543eba2edfabf5da7e64a7c541c15e4') in 0.201174 seconds 
========================================================================
Received Import Request.
  Time since last request: 0.000050 seconds.
  path: Assets/PolarizedPlatformPack/Materials/deciduoustree1_Leaves.mat
  artifactKey: Guid(b31a863fc1ca3bd49a2d484afd7a8865) Importer(815301076,1909f56bfc062723c751e8b465ee728b)
Start importing Assets/PolarizedPlatformPack/Materials/deciduoustree1_Leaves.mat using Guid(b31a863fc1ca3bd49a2d484afd7a8865) Importer(815301076,1909f56bfc062723c751e8b465ee728b)  -> (artifact id: '79e576e5fe8574e2aa58e911a9965d81') in 0.126656 seconds 
========================================================================
Received Import Request.
  Time since last request: 0.000057 seconds.
  path: Assets/PolarizedPlatformPack/Materials/deciduoustree1_Tribe.mat
  artifactKey: Guid(c23b27febecf7aa4988e8345fc83ef44) Importer(815301076,1909f56bfc062723c751e8b465ee728b)
Start importing Assets/PolarizedPlatformPack/Materials/deciduoustree1_Tribe.mat using Guid(c23b27febecf7aa4988e8345fc83ef44) Importer(815301076,1909f56bfc062723c751e8b465ee728b)  -> (artifact id: '8556d9cec26135f63535cb313330c3df') in 0.100609 seconds 
========================================================================
Received Import Request.
  Time since last request: 0.000048 seconds.
  path: Assets/PolarizedPlatformPack/Materials/platform_Ground1.mat
  artifactKey: Guid(a0b281d4cb188ac4096d049f864a8c99) Importer(815301076,1909f56bfc062723c751e8b465ee728b)
Start importing Assets/PolarizedPlatformPack/Materials/platform_Ground1.mat using Guid(a0b281d4cb188ac4096d049f864a8c99) Importer(815301076,1909f56bfc062723c751e8b465ee728b)  -> (artifact id: '1b4f059d1e676dfa319eb3e3b0a7f912') in 0.060821 seconds 
========================================================================
Received Import Request.
  Time since last request: 0.000044 seconds.
  path: Assets/PolarizedPlatformPack/Materials/pinetree_Tribe.mat
  artifactKey: Guid(e247a93a5eda2644e9741ce3dbde6d77) Importer(815301076,1909f56bfc062723c751e8b465ee728b)
Start importing Assets/PolarizedPlatformPack/Materials/pinetree_Tribe.mat using Guid(e247a93a5eda2644e9741ce3dbde6d77) Importer(815301076,1909f56bfc062723c751e8b465ee728b)  -> (artifact id: 'df731f64b5068ff7c2984224d3c9d8bf') in 0.078048 seconds 
========================================================================
Received Import Request.
  Time since last request: 0.000060 seconds.
  path: Assets/PolarizedPlatformPack/Materials/deciduoustree4_Tribe2.mat
  artifactKey: Guid(a6365e5375e7c344587789ec5eabe9f9) Importer(815301076,1909f56bfc062723c751e8b465ee728b)
Start importing Assets/PolarizedPlatformPack/Materials/deciduoustree4_Tribe2.mat using Guid(a6365e5375e7c344587789ec5eabe9f9) Importer(815301076,1909f56bfc062723c751e8b465ee728b)  -> (artifact id: '38b1f5cec66d2178a64417719392633b') in 0.092328 seconds 
========================================================================
Received Import Request.
  Time since last request: 0.000036 seconds.
  path: Assets/PolarizedPlatformPack/Materials/coin.mat
  artifactKey: Guid(b14772b848781b94ca099645fcb95a9c) Importer(815301076,1909f56bfc062723c751e8b465ee728b)
Start importing Assets/PolarizedPlatformPack/Materials/coin.mat using Guid(b14772b848781b94ca099645fcb95a9c) Importer(815301076,1909f56bfc062723c751e8b465ee728b)  -> (artifact id: '6979afb379e5aa60b57277861f9b94b0') in 0.096690 seconds 
========================================================================
Received Import Request.
  Time since last request: 0.000041 seconds.
  path: Assets/PolarizedPlatformPack/Materials/deciduoustree3_Tribe.mat
  artifactKey: Guid(4f5667479c1ca0a48823d0b30b3e2ad9) Importer(815301076,1909f56bfc062723c751e8b465ee728b)
Start importing Assets/PolarizedPlatformPack/Materials/deciduoustree3_Tribe.mat using Guid(4f5667479c1ca0a48823d0b30b3e2ad9) Importer(815301076,1909f56bfc062723c751e8b465ee728b)  -> (artifact id: '8984efe8f22a994f1eca5c359b7f4fbf') in 0.077404 seconds 
========================================================================
Received Import Request.
  Time since last request: 0.000045 seconds.
  path: Assets/PolarizedPlatformPack/Materials/coin1.mat
  artifactKey: Guid(9db8f4edc3a4ef1428d83fd143e2a608) Importer(815301076,1909f56bfc062723c751e8b465ee728b)
Start importing Assets/PolarizedPlatformPack/Materials/coin1.mat using Guid(9db8f4edc3a4ef1428d83fd143e2a608) Importer(815301076,1909f56bfc062723c751e8b465ee728b)  -> (artifact id: '0258fac19872670b9220905ab8843acb') in 0.087000 seconds 
========================================================================
Received Import Request.
  Time since last request: 0.000029 seconds.
  path: Assets/PolarizedPlatformPack/Materials/coin2.mat
  artifactKey: Guid(c60ffafe912fab846a8fac1407b3eefa) Importer(815301076,1909f56bfc062723c751e8b465ee728b)
Start importing Assets/PolarizedPlatformPack/Materials/coin2.mat using Guid(c60ffafe912fab846a8fac1407b3eefa) Importer(815301076,1909f56bfc062723c751e8b465ee728b)  -> (artifact id: 'b5f0ddbaf8117704f8cadfa175e90134') in 0.081893 seconds 
========================================================================
Received Import Request.
  Time since last request: 0.000052 seconds.
  path: Assets/PolarizedPlatformPack/Materials/deciduoustree4_Tribe1.mat
  artifactKey: Guid(2f31ac2fbcf4b4941a0ac5b6baafbcee) Importer(815301076,1909f56bfc062723c751e8b465ee728b)
Start importing Assets/PolarizedPlatformPack/Materials/deciduoustree4_Tribe1.mat using Guid(2f31ac2fbcf4b4941a0ac5b6baafbcee) Importer(815301076,1909f56bfc062723c751e8b465ee728b)  -> (artifact id: '835f3fc9e1fa81cac8e324e68372ee84') in 0.088879 seconds 
========================================================================
Received Import Request.
  Time since last request: 0.015184 seconds.
  path: Assets/PolarizedPlatformPack/Materials/fence.mat
  artifactKey: Guid(4326eccaca711c14485b61bdcef60868) Importer(815301076,1909f56bfc062723c751e8b465ee728b)
Start importing Assets/PolarizedPlatformPack/Materials/fence.mat using Guid(4326eccaca711c14485b61bdcef60868) Importer(815301076,1909f56bfc062723c751e8b465ee728b)  -> (artifact id: 'ef1c6cb23a5ab3814f55e9b984d5ac8c') in 0.148773 seconds 
========================================================================
Received Import Request.
  Time since last request: 0.000035 seconds.
  path: Assets/PolarizedPlatformPack/Materials/pinetree_Leaves.mat
  artifactKey: Guid(bc3c0ab35b7ddba47919eb596309a252) Importer(815301076,1909f56bfc062723c751e8b465ee728b)
Start importing Assets/PolarizedPlatformPack/Materials/pinetree_Leaves.mat using Guid(bc3c0ab35b7ddba47919eb596309a252) Importer(815301076,1909f56bfc062723c751e8b465ee728b)  -> (artifact id: '73141e184aa6c72b07bac47acf91eede') in 0.149930 seconds 
========================================================================
Received Import Request.
  Time since last request: 0.000050 seconds.
  path: Assets/PolarizedPlatformPack/Materials/stone1.mat
  artifactKey: Guid(87e6dcd981d32fa4ba5233067f07e480) Importer(815301076,1909f56bfc062723c751e8b465ee728b)
Start importing Assets/PolarizedPlatformPack/Materials/stone1.mat using Guid(87e6dcd981d32fa4ba5233067f07e480) Importer(815301076,1909f56bfc062723c751e8b465ee728b)  -> (artifact id: '8124e2f2b728ca5631ddbc369e18c385') in 0.112908 seconds 
========================================================================
Received Import Request.
  Time since last request: 0.000030 seconds.
  path: Assets/PolarizedPlatformPack/Materials/deciduoustree2_Leaves.mat
  artifactKey: Guid(51c832fe8d2014c4989eea133f57eba8) Importer(815301076,1909f56bfc062723c751e8b465ee728b)
Start importing Assets/PolarizedPlatformPack/Materials/deciduoustree2_Leaves.mat using Guid(51c832fe8d2014c4989eea133f57eba8) Importer(815301076,1909f56bfc062723c751e8b465ee728b)  -> (artifact id: '0cf989ab31b45a2686a6e876cf83e0b4') in 0.128205 seconds 
========================================================================
Received Import Request.
  Time since last request: 0.000049 seconds.
  path: Assets/PolarizedPlatformPack/Materials/stone2.mat
  artifactKey: Guid(880f411675cc82d42abe3591481c0160) Importer(815301076,1909f56bfc062723c751e8b465ee728b)
Start importing Assets/PolarizedPlatformPack/Materials/stone2.mat using Guid(880f411675cc82d42abe3591481c0160) Importer(815301076,1909f56bfc062723c751e8b465ee728b)  -> (artifact id: '47ca432b810de15f5968823ec13411d3') in 0.111250 seconds 
========================================================================
Received Import Request.
  Time since last request: 0.000053 seconds.
  path: Assets/PolarizedPlatformPack/Materials/boxWood.mat
  artifactKey: Guid(257ed7c750a5f1d4aa6465aafc68fd63) Importer(815301076,1909f56bfc062723c751e8b465ee728b)
Start importing Assets/PolarizedPlatformPack/Materials/boxWood.mat using Guid(257ed7c750a5f1d4aa6465aafc68fd63) Importer(815301076,1909f56bfc062723c751e8b465ee728b)  -> (artifact id: 'f57cf622c9e33ea1370b205b12f7ec69') in 0.076329 seconds 
========================================================================
Received Import Request.
  Time since last request: 0.000036 seconds.
  path: Assets/PolarizedPlatformPack/Materials/platform_Grass.mat
  artifactKey: Guid(14149ac6207fadd4ab12cd380ceae788) Importer(815301076,1909f56bfc062723c751e8b465ee728b)
Start importing Assets/PolarizedPlatformPack/Materials/platform_Grass.mat using Guid(14149ac6207fadd4ab12cd380ceae788) Importer(815301076,1909f56bfc062723c751e8b465ee728b)  -> (artifact id: 'cca507d9ef80d2bcf7df00d64b52c821') in 0.122576 seconds 
========================================================================
Received Import Request.
  Time since last request: 0.000047 seconds.
  path: Assets/PolarizedPlatformPack/Materials/deciduoustree2_Tribe.mat
  artifactKey: Guid(e8d23230ceac52e49b9c252b263bc3ea) Importer(815301076,1909f56bfc062723c751e8b465ee728b)
Start importing Assets/PolarizedPlatformPack/Materials/deciduoustree2_Tribe.mat using Guid(e8d23230ceac52e49b9c252b263bc3ea) Importer(815301076,1909f56bfc062723c751e8b465ee728b)  -> (artifact id: 'dc608de3666340319a020eabb62ce1e0') in 0.107662 seconds 
========================================================================
Received Import Request.
  Time since last request: 0.000042 seconds.
  path: Assets/PolarizedPlatformPack/Materials/platform_Ground2.mat
  artifactKey: Guid(7754eccb5bbdbb14e8de7122d148e2b0) Importer(815301076,1909f56bfc062723c751e8b465ee728b)
Start importing Assets/PolarizedPlatformPack/Materials/platform_Ground2.mat using Guid(7754eccb5bbdbb14e8de7122d148e2b0) Importer(815301076,1909f56bfc062723c751e8b465ee728b)  -> (artifact id: '59e6b09b611538e11de9ec92832cd395') in 0.129016 seconds 
========================================================================
Received Import Request.
  Time since last request: 0.000125 seconds.
  path: Assets/PolarizedPlatformPack/Materials/cloud.mat
  artifactKey: Guid(97ebec5d035a2184ab149ca802a6f626) Importer(815301076,1909f56bfc062723c751e8b465ee728b)
Start importing Assets/PolarizedPlatformPack/Materials/cloud.mat using Guid(97ebec5d035a2184ab149ca802a6f626) Importer(815301076,1909f56bfc062723c751e8b465ee728b)  -> (artifact id: '9ab22c4199d8c03e4a39a179bdbcf583') in 0.058897 seconds 
========================================================================
Received Import Request.
  Time since last request: 18.248258 seconds.
  path: Assets/pc_3erRetoUnity_Unal/Environment/low poly pack
  artifactKey: Guid(524d8fb1fc7be44f788fa6ccf675cbbe) Importer(815301076,1909f56bfc062723c751e8b465ee728b)
Start importing Assets/pc_3erRetoUnity_Unal/Environment/low poly pack using Guid(524d8fb1fc7be44f788fa6ccf675cbbe) Importer(815301076,1909f56bfc062723c751e8b465ee728b)  -> (artifact id: 'a8d9a44f5584a9e3590a076bf472bf90') in 0.069088 seconds 
========================================================================
Received Import Request.
  Time since last request: 69.576383 seconds.
  path: Assets/IgniteCoders/Simple Water Shader/Prefabs
  artifactKey: Guid(659a758b0bea88342a8f7d3812ab9415) Importer(815301076,1909f56bfc062723c751e8b465ee728b)
Start importing Assets/IgniteCoders/Simple Water Shader/Prefabs using Guid(659a758b0bea88342a8f7d3812ab9415) Importer(815301076,1909f56bfc062723c751e8b465ee728b)  -> (artifact id: '31a805bfb5f7fe44ec459e9dbcbdb530') in 0.135269 seconds 
========================================================================
Received Import Request.
  Time since last request: 0.000054 seconds.
  path: Assets/IgniteCoders/Simple Water Shader/Prefabs/WaterBlock_50m.prefab
  artifactKey: Guid(7097ba7ba649e1f41bba232312bdcbd8) Importer(815301076,1909f56bfc062723c751e8b465ee728b)
Start importing Assets/IgniteCoders/Simple Water Shader/Prefabs/WaterBlock_50m.prefab using Guid(7097ba7ba649e1f41bba232312bdcbd8) Importer(815301076,1909f56bfc062723c751e8b465ee728b)  -> (artifact id: 'befd357850995f4f329e857ad07d694c') in 0.185450 seconds 
========================================================================
Received Import Request.
  Time since last request: 0.000057 seconds.
  path: Assets/IgniteCoders/Simple Water Shader/Prefabs/WaterReflectionCamera.prefab
  artifactKey: Guid(838c0bef810bfe94d8e33947c3cba7c6) Importer(815301076,1909f56bfc062723c751e8b465ee728b)
Start importing Assets/IgniteCoders/Simple Water Shader/Prefabs/WaterReflectionCamera.prefab using Guid(838c0bef810bfe94d8e33947c3cba7c6) Importer(815301076,1909f56bfc062723c751e8b465ee728b)  -> (artifact id: '5747045b0252922cb39393220d5f9517') in 0.126716 seconds 
========================================================================
Received Import Request.
  Time since last request: 7.441229 seconds.
  path: Assets/@PaulosCreations/FloatingPots/Prefabs
  artifactKey: Guid(3da318c0b1924ef41b93bc5af555b468) Importer(815301076,1909f56bfc062723c751e8b465ee728b)
Start importing Assets/@PaulosCreations/FloatingPots/Prefabs using Guid(3da318c0b1924ef41b93bc5af555b468) Importer(815301076,1909f56bfc062723c751e8b465ee728b)  -> (artifact id: '3f55e050b59f16a5b1de8e5d5a78667f') in 0.017108 seconds 
========================================================================
Received Import Request.
  Time since last request: 0.000039 seconds.
  path: Assets/@PaulosCreations/FloatingPots/Prefabs/PotBig.prefab
  artifactKey: Guid(1140a01326e864354ad43f034b09f404) Importer(815301076,1909f56bfc062723c751e8b465ee728b)
Start importing Assets/@PaulosCreations/FloatingPots/Prefabs/PotBig.prefab using Guid(1140a01326e864354ad43f034b09f404) Importer(815301076,1909f56bfc062723c751e8b465ee728b)  -> (artifact id: '33ae2b1976aa09b57b840976609e7c4b') in 0.268973 seconds 
========================================================================
Received Import Request.
  Time since last request: 0.000032 seconds.
  path: Assets/@PaulosCreations/FloatingPots/Prefabs/PotDeepBig.prefab
  artifactKey: Guid(79291a0f8f4884eaab7caadf0497ff2c) Importer(815301076,1909f56bfc062723c751e8b465ee728b)
Start importing Assets/@PaulosCreations/FloatingPots/Prefabs/PotDeepBig.prefab using Guid(79291a0f8f4884eaab7caadf0497ff2c) Importer(815301076,1909f56bfc062723c751e8b465ee728b)  -> (artifact id: 'f5bae568476642c8b7d03dfdb99af41e') in 0.091250 seconds 
========================================================================
Received Import Request.
  Time since last request: 0.000048 seconds.
  path: Assets/@PaulosCreations/FloatingPots/Prefabs/Pots_Round.prefab
  artifactKey: Guid(2282bc04572c9ad479cf55d68ab486c1) Importer(815301076,1909f56bfc062723c751e8b465ee728b)
Start importing Assets/@PaulosCreations/FloatingPots/Prefabs/Pots_Round.prefab using Guid(2282bc04572c9ad479cf55d68ab486c1) Importer(815301076,1909f56bfc062723c751e8b465ee728b)  -> (artifact id: '5ed1009a6aeb36c6c7c67c6c74887d9e') in 0.401488 seconds 
========================================================================
Received Import Request.
  Time since last request: 0.000066 seconds.
  path: Assets/@PaulosCreations/FloatingPots/Prefabs/PotSmall.prefab
  artifactKey: Guid(407294bee6b0241339aadf05733c3d48) Importer(815301076,1909f56bfc062723c751e8b465ee728b)
Start importing Assets/@PaulosCreations/FloatingPots/Prefabs/PotSmall.prefab using Guid(407294bee6b0241339aadf05733c3d48) Importer(815301076,1909f56bfc062723c751e8b465ee728b)  -> (artifact id: '255c5248f18ae8cf1ad001c0978ccc1e') in 0.065754 seconds 
========================================================================
Received Import Request.
  Time since last request: 0.000060 seconds.
  path: Assets/@PaulosCreations/FloatingPots/Prefabs/Pots_Square.prefab
  artifactKey: Guid(5eb0097e6209bff45a4c87ce71f50173) Importer(815301076,1909f56bfc062723c751e8b465ee728b)
Start importing Assets/@PaulosCreations/FloatingPots/Prefabs/Pots_Square.prefab using Guid(5eb0097e6209bff45a4c87ce71f50173) Importer(815301076,1909f56bfc062723c751e8b465ee728b)  -> (artifact id: '73dd7107907b392d36b8ec310769fcce') in 0.178491 seconds 
========================================================================
Received Import Request.
  Time since last request: 0.000034 seconds.
  path: Assets/@PaulosCreations/FloatingPots/Prefabs/PotDeepSmall.prefab
  artifactKey: Guid(ecd03df0e5bcd4c0eaecd5a32010b3d4) Importer(815301076,1909f56bfc062723c751e8b465ee728b)
Start importing Assets/@PaulosCreations/FloatingPots/Prefabs/PotDeepSmall.prefab using Guid(ecd03df0e5bcd4c0eaecd5a32010b3d4) Importer(815301076,1909f56bfc062723c751e8b465ee728b)  -> (artifact id: '2bafd6053d03fc1a212eb6e1b3ac933a') in 0.051421 seconds 
