Using pre-set license
Built from '2021.3/release' branch; Version is '2021.3.28f1 (232e59c3f087) revision 2305625'; Using compiler version '192829333'; Build Type 'Release'
OS: 'Windows 10  (10.0.19045) 64bit Professional' Language: 'es' Physical Memory: 4093 MB
BatchMode: 1, IsHumanControllingUs: 0, StartBugReporterOnCrash: 0, Is64bit: 1, IsPro: 1

COMMAND LINE ARGUMENTS:
C:\Program Files\Unity\Hub\Editor\2021.3.28f1\Editor\Unity.exe
-adb2
-batchMode
-noUpm
-name
AssetImportWorker5
-projectPath
C:/Users/leon/Documents/GitHub/3erRetoUnity/pc_3erRetoUnity_Unal
-logFile
Logs/AssetImportWorker5.log
-srvPort
63759
Successfully changed project path to: C:/Users/leon/Documents/GitHub/3erRetoUnity/pc_3erRetoUnity_Unal
C:/Users/leon/Documents/GitHub/3erRetoUnity/pc_3erRetoUnity_Unal
[UnityMemory] Configuration Parameters - Can be set up in boot.config
    "memorysetup-bucket-allocator-granularity=16"
    "memorysetup-bucket-allocator-bucket-count=8"
    "memorysetup-bucket-allocator-block-size=33554432"
    "memorysetup-bucket-allocator-block-count=8"
    "memorysetup-main-allocator-block-size=16777216"
    "memorysetup-thread-allocator-block-size=16777216"
    "memorysetup-gfx-main-allocator-block-size=16777216"
    "memorysetup-gfx-thread-allocator-block-size=16777216"
    "memorysetup-cache-allocator-block-size=4194304"
    "memorysetup-typetree-allocator-block-size=2097152"
    "memorysetup-profiler-bucket-allocator-granularity=16"
    "memorysetup-profiler-bucket-allocator-bucket-count=8"
    "memorysetup-profiler-bucket-allocator-block-size=33554432"
    "memorysetup-profiler-bucket-allocator-block-count=8"
    "memorysetup-profiler-allocator-block-size=16777216"
    "memorysetup-profiler-editor-allocator-block-size=1048576"
    "memorysetup-temp-allocator-size-main=16777216"
    "memorysetup-job-temp-allocator-block-size=2097152"
    "memorysetup-job-temp-allocator-block-size-background=1048576"
    "memorysetup-job-temp-allocator-reduction-small-platforms=262144"
    "memorysetup-temp-allocator-size-background-worker=32768"
    "memorysetup-temp-allocator-size-job-worker=262144"
    "memorysetup-temp-allocator-size-preload-manager=33554432"
    "memorysetup-temp-allocator-size-nav-mesh-worker=65536"
    "memorysetup-temp-allocator-size-audio-worker=65536"
    "memorysetup-temp-allocator-size-cloud-worker=32768"
    "memorysetup-temp-allocator-size-gi-baking-worker=262144"
    "memorysetup-temp-allocator-size-gfx=262144"
Player connection [6452] Host "[IP] 192.168.35.136 [Port] 0 [Flags] 2 [Guid] 2688566841 [EditorId] 2688566841 [Version] 1048832 [Id] WindowsEditor(7,LEON-PC) [Debug] 1 [PackageName] WindowsEditor [ProjectName] Editor" joined multi-casting on [225.0.0.222:54997]...

Player connection [6452] Host "[IP] 192.168.35.136 [Port] 0 [Flags] 2 [Guid] 2688566841 [EditorId] 2688566841 [Version] 1048832 [Id] WindowsEditor(7,LEON-PC) [Debug] 1 [PackageName] WindowsEditor [ProjectName] Editor" joined alternative multi-casting on [225.0.0.222:34997]...

Refreshing native plugins compatible for Editor in 249.32 ms, found 3 plugins.
Preloading 0 native plugins for Editor in 0.00 ms.
Initialize engine version: 2021.3.28f1 (232e59c3f087)
[Subsystems] Discovering subsystems at path C:/Program Files/Unity/Hub/Editor/2021.3.28f1/Editor/Data/Resources/UnitySubsystems
[Subsystems] Discovering subsystems at path C:/Users/leon/Documents/GitHub/3erRetoUnity/pc_3erRetoUnity_Unal/Assets
GfxDevice: creating device client; threaded=0; jobified=0
Direct3D:
    Version:  Direct3D 11.0 [level 11.0]
    Renderer: AMD Radeon HD 5450 (ID=0x68f9)
    Vendor:   ATI
    VRAM:     1014 MB
    Driver:   15.201.2401.0
Initialize mono
Mono path[0] = 'C:/Program Files/Unity/Hub/Editor/2021.3.28f1/Editor/Data/Managed'
Mono path[1] = 'C:/Program Files/Unity/Hub/Editor/2021.3.28f1/Editor/Data/MonoBleedingEdge/lib/mono/unityjit-win32'
Mono config path = 'C:/Program Files/Unity/Hub/Editor/2021.3.28f1/Editor/Data/MonoBleedingEdge/etc'
Using monoOptions --debugger-agent=transport=dt_socket,embedding=1,server=y,suspend=n,address=127.0.0.1:56652
Begin MonoManager ReloadAssembly
Registering precompiled unity dll's ...
Register platform support module: C:/Program Files/Unity/Hub/Editor/2021.3.28f1/Editor/Data/PlaybackEngines/WindowsStandaloneSupport/UnityEditor.WindowsStandalone.Extensions.dll
Registered in 0.024675 seconds.
Native extension for WindowsStandalone target not found
Refreshing native plugins compatible for Editor in 213.32 ms, found 3 plugins.
Preloading 0 native plugins for Editor in 0.00 ms.
Mono: successfully reloaded assembly
- Completed reload, in  1.522 seconds
Domain Reload Profiling:
	ReloadAssembly (1522ms)
		BeginReloadAssembly (212ms)
			ExecutionOrderSort (0ms)
			DisableScriptedObjects (0ms)
			BackupInstance (0ms)
			ReleaseScriptingObjects (0ms)
			CreateAndSetChildDomain (1ms)
		EndReloadAssembly (1046ms)
			LoadAssemblies (206ms)
			RebuildTransferFunctionScriptingTraits (0ms)
			SetupTypeCache (275ms)
			ReleaseScriptCaches (0ms)
			RebuildScriptCaches (74ms)
			SetupLoadedEditorAssemblies (562ms)
				LogAssemblyErrors (0ms)
				InitializePlatformSupportModulesInManaged (18ms)
				SetLoadedEditorAssemblies (0ms)
				RefreshPlugins (213ms)
				BeforeProcessingInitializeOnLoad (2ms)
				ProcessInitializeOnLoadAttributes (235ms)
				ProcessInitializeOnLoadMethodAttributes (93ms)
				AfterProcessingInitializeOnLoad (0ms)
				EditorAssembliesLoaded (0ms)
			ExecutionOrderSort2 (0ms)
			AwakeInstancesAfterBackupRestoration (0ms)
Platform modules already initialized, skipping
Registering precompiled user dll's ...
Registered in 0.016036 seconds.
Begin MonoManager ReloadAssembly
Symbol file LoadedFromMemory doesn't match image C:\Users\leon\Documents\GitHub\3erRetoUnity\pc_3erRetoUnity_Unal\Library\PackageCache\com.unity.visualscripting@1.8.0\Editor\VisualScripting.Core\Dependencies\YamlDotNet\Unity.VisualScripting.YamlDotNet.dll
Symbol file LoadedFromMemory doesn't match image C:\Users\leon\Documents\GitHub\3erRetoUnity\pc_3erRetoUnity_Unal\Library\PackageCache\com.unity.visualscripting@1.8.0\Editor\VisualScripting.Core\Dependencies\DotNetZip\Unity.VisualScripting.IonicZip.dll
Native extension for WindowsStandalone target not found
Refreshing native plugins compatible for Editor in 217.41 ms, found 3 plugins.
Preloading 0 native plugins for Editor in 0.00 ms.
Mono: successfully reloaded assembly
- Completed reload, in  3.122 seconds
Domain Reload Profiling:
	ReloadAssembly (3123ms)
		BeginReloadAssembly (294ms)
			ExecutionOrderSort (0ms)
			DisableScriptedObjects (13ms)
			BackupInstance (0ms)
			ReleaseScriptingObjects (0ms)
			CreateAndSetChildDomain (45ms)
		EndReloadAssembly (2453ms)
			LoadAssemblies (229ms)
			RebuildTransferFunctionScriptingTraits (0ms)
			SetupTypeCache (722ms)
			ReleaseScriptCaches (2ms)
			RebuildScriptCaches (160ms)
			SetupLoadedEditorAssemblies (1288ms)
				LogAssemblyErrors (0ms)
				InitializePlatformSupportModulesInManaged (11ms)
				SetLoadedEditorAssemblies (0ms)
				RefreshPlugins (218ms)
				BeforeProcessingInitializeOnLoad (246ms)
				ProcessInitializeOnLoadAttributes (533ms)
				ProcessInitializeOnLoadMethodAttributes (255ms)
				AfterProcessingInitializeOnLoad (24ms)
				EditorAssembliesLoaded (0ms)
			ExecutionOrderSort2 (0ms)
			AwakeInstancesAfterBackupRestoration (13ms)
Platform modules already initialized, skipping
========================================================================
Worker process is ready to serve import requests
Launched and connected shader compiler UnityShaderCompiler.exe after 0.65 seconds
Refreshing native plugins compatible for Editor in 1.94 ms, found 3 plugins.
Preloading 0 native plugins for Editor in 0.00 ms.
Unloading 4893 Unused Serialized files (Serialized files now loaded: 0)
Unloading 41 unused Assets / (410.9 KB). Loaded Objects now: 5369.
Memory consumption went from 209.6 MB to 209.2 MB.
Total: 7.132200 ms (FindLiveObjects: 0.644300 ms CreateObjectMapping: 0.504000 ms MarkObjects: 5.578100 ms  DeleteObjects: 0.404100 ms)

AssetImportParameters requested are different than current active one (requested -> active):
  custom:video-decoder-ogg-theora: a1e56fd34408186e4bbccfd4996cb3dc -> 
  custom:container-muxer-webm: aa71ff27fc2769a1b78a27578f13a17b -> 
  custom:container-demuxer-webm: 4f35f7cbe854078d1ac9338744f61a02 -> 
  custom:video-encoder-webm-vp8: eb34c28f22e8b96e1ab97ce403110664 -> 
  custom:CustomObjectIndexerAttribute: 6b0e35c9178b02a6363f3721b7b8e397 -> 
  custom:audio-encoder-webm-vorbis: bf7c407c2cedff20999df2af8eb42d56 -> 
  custom:framework-win-MediaFoundation: 216162199b28c13a410421893ffa2e32 -> 
  custom:container-demuxer-ogg: 62fdf1f143b41e24485cea50d1cbac27 -> 
  custom:video-decoder-webm-vp8: 9c59270c3fd7afecdb556c50c9e8de78 -> 
  custom:audio-decoder-ogg-vorbis: bf7c407c2cedff20999df2af8eb42d56 -> 
========================================================================
Received Import Request.
  Time since last request: 5003.630140 seconds.
  path: Assets/pc_3erRetoUnity_Unal/PlayerCorn/Zeamays Fighter/Models/tree/Animator/PlayerTree.controller
  artifactKey: Guid(6c5da871c3a2e15489dfa0669e99ff45) Importer(815301076,1909f56bfc062723c751e8b465ee728b)
Start importing Assets/pc_3erRetoUnity_Unal/PlayerCorn/Zeamays Fighter/Models/tree/Animator/PlayerTree.controller using Guid(6c5da871c3a2e15489dfa0669e99ff45) Importer(815301076,1909f56bfc062723c751e8b465ee728b)  -> (artifact id: 'c1799c56dfde4274a8b4d3f26dfa467e') in 1.573784 seconds 
========================================================================
Received Import Request.
  Time since last request: 0.000053 seconds.
  path: Assets/pc_3erRetoUnity_Unal/Prefabs/NewLayer 1.terrainlayer
  artifactKey: Guid(05402fb9f2dba4a94979c4a5bd384cb1) Importer(815301076,1909f56bfc062723c751e8b465ee728b)
Start importing Assets/pc_3erRetoUnity_Unal/Prefabs/NewLayer 1.terrainlayer using Guid(05402fb9f2dba4a94979c4a5bd384cb1) Importer(815301076,1909f56bfc062723c751e8b465ee728b)  -> (artifact id: 'f45f9eadf252ca46dc984ba77e9196b1') in 0.059146 seconds 
========================================================================
Received Import Request.
  Time since last request: 0.001320 seconds.
  path: Assets/pc_3erRetoUnity_Unal/Prefabs/NewLayer.terrainlayer
  artifactKey: Guid(c0d35bc8d6c5943e983b6c9e7a17e1ef) Importer(815301076,1909f56bfc062723c751e8b465ee728b)
Start importing Assets/pc_3erRetoUnity_Unal/Prefabs/NewLayer.terrainlayer using Guid(c0d35bc8d6c5943e983b6c9e7a17e1ef) Importer(815301076,1909f56bfc062723c751e8b465ee728b)  -> (artifact id: 'bd90673bddd83d32b3688c141f6c3664') in 0.054843 seconds 
========================================================================
Received Import Request.
  Time since last request: 0.000031 seconds.
  path: Assets/Scanta/Zeamays Fighter
  artifactKey: Guid(9b60d542d1918da4687ffea5d5b6854c) Importer(815301076,1909f56bfc062723c751e8b465ee728b)
Start importing Assets/Scanta/Zeamays Fighter using Guid(9b60d542d1918da4687ffea5d5b6854c) Importer(815301076,1909f56bfc062723c751e8b465ee728b)  -> (artifact id: '1c60c489e8e27fbc23deae4cbb3d366c') in 0.082082 seconds 
========================================================================
Received Import Request.
  Time since last request: 132.256408 seconds.
  path: Assets/TerrainData_002c646a-94d2-4369-87e8-51c236d8d6b1.asset
  artifactKey: Guid(fb40bf7bfe75747948e4c7d4644b2e1d) Importer(815301076,1909f56bfc062723c751e8b465ee728b)
Start importing Assets/TerrainData_002c646a-94d2-4369-87e8-51c236d8d6b1.asset using Guid(fb40bf7bfe75747948e4c7d4644b2e1d) Importer(815301076,1909f56bfc062723c751e8b465ee728b)  -> (artifact id: '174ad1129d529bfbcc335266b2f21317') in 0.264199 seconds 
========================================================================
Received Import Request.
  Time since last request: 0.000045 seconds.
  path: Assets/TerrainData_1422bb59-6cac-45a7-8bdb-0eb2235d4ed9.asset
  artifactKey: Guid(03e582412f4d2402eb5f749d64f5c0ec) Importer(815301076,1909f56bfc062723c751e8b465ee728b)
Start importing Assets/TerrainData_1422bb59-6cac-45a7-8bdb-0eb2235d4ed9.asset using Guid(03e582412f4d2402eb5f749d64f5c0ec) Importer(815301076,1909f56bfc062723c751e8b465ee728b)  -> (artifact id: '0a6c1af8c68f4f3ec987a8c7ce9dd0b9') in 0.070821 seconds 
========================================================================
Received Import Request.
  Time since last request: 0.000172 seconds.
  path: Assets/TerrainData_c0ba8f8b-0599-4a56-a762-f74e4926c4ca.asset
  artifactKey: Guid(daf464be3e24341f784d29bd472902e7) Importer(815301076,1909f56bfc062723c751e8b465ee728b)
Start importing Assets/TerrainData_c0ba8f8b-0599-4a56-a762-f74e4926c4ca.asset using Guid(daf464be3e24341f784d29bd472902e7) Importer(815301076,1909f56bfc062723c751e8b465ee728b)  -> (artifact id: '9b431a0f44c17aaa32ff3edd57a231ab') in 0.088477 seconds 
